Drill report for imu-mouse.kicad_pcb
Created on ti 30. huhtikuuta 2024 07.38.59

Copper Layer Stackup:
    =============================================================
    L1 :  F.Cu                      front
    L2 :  In1.Cu                    in1
    L3 :  In2.Cu                    in2
    L4 :  B.Cu                      back


Drill file 'imu-mouse-PTH.drl' contains
    plated through holes:
    =============================================================
    T1  0,200mm  0,0079"  (62 holes)
    T2  0,300mm  0,0118"  (110 holes)
    T3  0,400mm  0,0157"  (1 hole)
    T4  0,600mm  0,0236"  (8 holes)  (with 4 slots)
    T5  0,650mm  0,0256"  (10 holes)
    T6  3,500mm  0,1378"  (3 holes)

    Total plated holes count 194


Drill file 'imu-mouse-NPTH.drl' contains
    unplated through holes:
    =============================================================
    T1  0,900mm  0,0354"  (2 holes)

    Total unplated holes count 2
